android/app/build/intermediates/manifest_merge_blame_file/release/manifest-merger-blame-release-report.txt
1<?xml version="1.0" encoding="utf-8"?>
2<manifest xmlns:android="http://schemas.android.com/apk/res/android"
3    package="com.biotrack.biotrack"
4    android:versionCode="1"
5    android:versionName="1.0.0" >
6
7    <uses-sdk
8        android:minSdkVersion="21"
8-->src/main/AndroidManifest.xml
9        android:targetSdkVersion="30" />
9-->src/main/AndroidManifest.xml
10
11    <uses-permission android:name="android.permission.INTERNET" />
11-->src/main/AndroidManifest.xml:2:3-64
11-->src/main/AndroidManifest.xml:2:20-62
12    <uses-permission android:name="android.permission.ACCESS_NETWORK_STATE" />
12-->src/main/AndroidManifest.xml:3:3-77
12-->src/main/AndroidManifest.xml:3:20-74
13    <uses-permission android:name="android.permission.READ_EXTERNAL_STORAGE" />
13-->src/main/AndroidManifest.xml:4:3-77
13-->src/main/AndroidManifest.xml:4:20-75
14    <uses-permission android:name="android.permission.SYSTEM_ALERT_WINDOW" />
14-->src/main/AndroidManifest.xml:5:3-75
14-->src/main/AndroidManifest.xml:5:20-73
15    <uses-permission android:name="android.permission.VIBRATE" />
15-->src/main/AndroidManifest.xml:6:3-63
15-->src/main/AndroidManifest.xml:6:20-61
16    <uses-permission android:name="android.permission.WRITE_EXTERNAL_STORAGE" />
16-->src/main/AndroidManifest.xml:7:3-78
16-->src/main/AndroidManifest.xml:7:20-76
17
18    <queries>
18-->src/main/AndroidManifest.xml:8:3-14:13
19        <intent>
19-->src/main/AndroidManifest.xml:9:5-13:14
20            <action android:name="android.intent.action.VIEW" />
20-->src/main/AndroidManifest.xml:10:7-58
20-->src/main/AndroidManifest.xml:10:15-56
21
22            <category android:name="android.intent.category.BROWSABLE" />
22-->src/main/AndroidManifest.xml:11:7-67
22-->src/main/AndroidManifest.xml:11:17-65
23
24            <data android:scheme="https" />
24-->src/main/AndroidManifest.xml:12:7-37
24-->src/main/AndroidManifest.xml:12:13-35
25        </intent>
26        <!-- Query open documents -->
27        <intent>
27-->[:expo-file-system] AndroidManifest.xml:19:9-21:18
28            <action android:name="android.intent.action.OPEN_DOCUMENT_TREE" />
28-->[:expo-file-system] AndroidManifest.xml:20:13-79
28-->[:expo-file-system] AndroidManifest.xml:20:21-76
29        </intent>
30    </queries>
31
32    <uses-permission android:name="android.permission.ACCESS_WIFI_STATE" />
32-->[:react-native-community_netinfo] AndroidManifest.xml:10:5-76
32-->[:react-native-community_netinfo] AndroidManifest.xml:10:22-73
33    <uses-permission android:name="android.permission.CAMERA" />
33-->[:react-native-camera] AndroidManifest.xml:9:5-65
33-->[:react-native-camera] AndroidManifest.xml:9:22-62
34
35    <uses-feature
35-->[:react-native-camera] AndroidManifest.xml:11:5-13:36
36        android:name="android.hardware.camera"
36-->[:react-native-camera] AndroidManifest.xml:12:9-47
37        android:required="false" />
37-->[:react-native-camera] AndroidManifest.xml:13:9-33
38    <uses-feature
38-->[:react-native-camera] AndroidManifest.xml:14:5-16:36
39        android:name="android.hardware.camera.autofocus"
39-->[:react-native-camera] AndroidManifest.xml:15:9-57
40        android:required="false" />
40-->[:react-native-camera] AndroidManifest.xml:16:9-33
41
42    <uses-permission android:name="android.permission.READ_PHONE_STATE" /> <!-- Required to access Google Play Licensing -->
43    <uses-permission android:name="com.android.vending.CHECK_LICENSE" />
43-->[:rn-fetch-blob] AndroidManifest.xml:12:5-73
43-->[:rn-fetch-blob] AndroidManifest.xml:12:22-70
44    <!--
45         Required to keep CPU alive while downloading files
46        (NOT to keep screen awake)
47    -->
48    <uses-permission android:name="android.permission.WAKE_LOCK" />
48-->[:rn-fetch-blob] AndroidManifest.xml:21:5-68
48-->[:rn-fetch-blob] AndroidManifest.xml:21:22-65
49    <uses-permission android:name="com.google.android.finsky.permission.BIND_GET_INSTALL_REFERRER_SERVICE" />
49-->[com.android.installreferrer:installreferrer:1.0] AndroidManifest.xml:9:5-110
49-->[com.android.installreferrer:installreferrer:1.0] AndroidManifest.xml:9:22-107
50
51    <application
51-->src/main/AndroidManifest.xml:15:3-34:17
52        android:name="com.biotrack.biotrack.MainApplication"
52-->src/main/AndroidManifest.xml:15:16-47
53        android:allowBackup="true"
53-->src/main/AndroidManifest.xml:15:162-188
54        android:appComponentFactory="androidx.core.app.CoreComponentFactory"
54-->[androidx.core:core:1.6.0] AndroidManifest.xml:24:18-86
55        android:icon="@mipmap/ic_launcher"
55-->src/main/AndroidManifest.xml:15:81-115
56        android:label="@string/app_name"
56-->src/main/AndroidManifest.xml:15:48-80
57        android:requestLegacyExternalStorage="true"
57-->src/main/AndroidManifest.xml:15:257-300
58        android:roundIcon="@mipmap/ic_launcher_round"
58-->src/main/AndroidManifest.xml:15:116-161
59        android:theme="@style/AppTheme"
59-->src/main/AndroidManifest.xml:15:189-220
60        android:usesCleartextTraffic="true" >
60-->src/main/AndroidManifest.xml:15:221-256
61        <meta-data
61-->src/main/AndroidManifest.xml:16:5-82
62            android:name="expo.modules.updates.ENABLED"
62-->src/main/AndroidManifest.xml:16:16-59
63            android:value="true" />
63-->src/main/AndroidManifest.xml:16:60-80
64        <meta-data
64-->src/main/AndroidManifest.xml:17:5-93
65            android:name="expo.modules.updates.EXPO_SDK_VERSION"
65-->src/main/AndroidManifest.xml:17:16-68
66            android:value="44.0.0" />
66-->src/main/AndroidManifest.xml:17:69-91
67        <meta-data
67-->src/main/AndroidManifest.xml:18:5-105
68            android:name="expo.modules.updates.EXPO_UPDATES_CHECK_ON_LAUNCH"
68-->src/main/AndroidManifest.xml:18:16-80
69            android:value="ALWAYS" />
69-->src/main/AndroidManifest.xml:18:81-103
70        <meta-data
70-->src/main/AndroidManifest.xml:19:5-99
71            android:name="expo.modules.updates.EXPO_UPDATES_LAUNCH_WAIT_MS"
71-->src/main/AndroidManifest.xml:19:16-79
72            android:value="0" />
72-->src/main/AndroidManifest.xml:19:80-97
73        <meta-data
73-->src/main/AndroidManifest.xml:20:5-118
74            android:name="expo.modules.updates.EXPO_UPDATE_URL"
74-->src/main/AndroidManifest.xml:20:16-67
75            android:value="https://exp.host/@doma/bio-track" />
75-->src/main/AndroidManifest.xml:20:68-116
76
77        <activity
77-->src/main/AndroidManifest.xml:21:5-32:16
78            android:name="com.biotrack.biotrack.MainActivity"
78-->src/main/AndroidManifest.xml:21:15-43
79            android:configChanges="keyboard|keyboardHidden|orientation|screenSize|uiMode"
79-->src/main/AndroidManifest.xml:21:77-154
80            android:label="@string/app_name"
80-->src/main/AndroidManifest.xml:21:44-76
81            android:launchMode="singleTask"
81-->src/main/AndroidManifest.xml:21:155-186
82            android:screenOrientation="portrait"
82-->src/main/AndroidManifest.xml:21:276-312
83            android:theme="@style/Theme.App.SplashScreen"
83-->src/main/AndroidManifest.xml:21:230-275
84            android:windowSoftInputMode="adjustResize" >
84-->src/main/AndroidManifest.xml:21:187-229
85            <intent-filter>
85-->src/main/AndroidManifest.xml:22:7-25:23
86                <action android:name="android.intent.action.MAIN" />
86-->src/main/AndroidManifest.xml:23:9-60
86-->src/main/AndroidManifest.xml:23:17-58
87
88                <category android:name="android.intent.category.LAUNCHER" />
88-->src/main/AndroidManifest.xml:24:9-68
88-->src/main/AndroidManifest.xml:24:19-66
89            </intent-filter>
90            <intent-filter>
90-->src/main/AndroidManifest.xml:26:7-31:23
91                <action android:name="android.intent.action.VIEW" />
91-->src/main/AndroidManifest.xml:10:7-58
91-->src/main/AndroidManifest.xml:10:15-56
92
93                <category android:name="android.intent.category.DEFAULT" />
93-->src/main/AndroidManifest.xml:28:9-67
93-->src/main/AndroidManifest.xml:28:19-65
94                <category android:name="android.intent.category.BROWSABLE" />
94-->src/main/AndroidManifest.xml:11:7-67
94-->src/main/AndroidManifest.xml:11:17-65
95
96                <data android:scheme="com.biotrack.biotrack" />
96-->src/main/AndroidManifest.xml:12:7-37
96-->src/main/AndroidManifest.xml:12:13-35
97            </intent-filter>
98        </activity>
99        <activity android:name="com.facebook.react.devsupport.DevSettingsActivity" />
99-->src/main/AndroidManifest.xml:33:5-81
99-->src/main/AndroidManifest.xml:33:15-79
100
101        <provider
101-->[:react-native-webview] AndroidManifest.xml:12:9-20:20
102            android:name="com.reactnativecommunity.webview.RNCWebViewFileProvider"
102-->[:react-native-webview] AndroidManifest.xml:13:13-83
103            android:authorities="com.biotrack.biotrack.fileprovider"
103-->[:react-native-webview] AndroidManifest.xml:14:13-64
104            android:exported="false"
104-->[:react-native-webview] AndroidManifest.xml:15:13-37
105            android:grantUriPermissions="true" >
105-->[:react-native-webview] AndroidManifest.xml:16:13-47
106            <meta-data
106-->[:react-native-webview] AndroidManifest.xml:17:13-19:63
107                android:name="android.support.FILE_PROVIDER_PATHS"
107-->[:react-native-webview] AndroidManifest.xml:18:17-67
108                android:resource="@xml/file_provider_paths" />
108-->[:react-native-webview] AndroidManifest.xml:19:17-60
109        </provider>
110        <provider
110-->[:rn-fetch-blob] AndroidManifest.xml:36:9-44:20
111            android:name="com.RNFetchBlob.Utils.FileProvider"
111-->[:rn-fetch-blob] AndroidManifest.xml:37:13-62
112            android:authorities="com.biotrack.biotrack.provider"
112-->[:rn-fetch-blob] AndroidManifest.xml:38:13-60
113            android:exported="false"
113-->[:rn-fetch-blob] AndroidManifest.xml:39:13-37
114            android:grantUriPermissions="true" >
114-->[:rn-fetch-blob] AndroidManifest.xml:40:13-47
115            <meta-data
115-->[:react-native-webview] AndroidManifest.xml:17:13-19:63
116                android:name="android.support.FILE_PROVIDER_PATHS"
116-->[:react-native-webview] AndroidManifest.xml:18:17-67
117                android:resource="@xml/provider_paths" />
117-->[:react-native-webview] AndroidManifest.xml:19:17-60
118        </provider>
119        <provider
119-->[:expo-file-system] AndroidManifest.xml:25:9-34:20
120            android:name="expo.modules.filesystem.FileSystemFileProvider"
120-->[:expo-file-system] AndroidManifest.xml:26:13-74
121            android:authorities="com.biotrack.biotrack.FileSystemFileProvider"
121-->[:expo-file-system] AndroidManifest.xml:27:13-74
122            android:exported="false"
122-->[:expo-file-system] AndroidManifest.xml:28:13-37
123            android:grantUriPermissions="true" >
123-->[:expo-file-system] AndroidManifest.xml:29:13-47
124            <meta-data
124-->[:react-native-webview] AndroidManifest.xml:17:13-19:63
125                android:name="android.support.FILE_PROVIDER_PATHS"
125-->[:react-native-webview] AndroidManifest.xml:18:17-67
126                android:resource="@xml/file_system_provider_paths" />
126-->[:react-native-webview] AndroidManifest.xml:19:17-60
127        </provider>
128
129        <meta-data
129-->[:expo-modules-core] AndroidManifest.xml:12:9-14:89
130            android:name="org.unimodules.core.AppLoader#react-native-headless"
130-->[:expo-modules-core] AndroidManifest.xml:13:13-79
131            android:value="expo.modules.adapters.react.apploader.RNHeadlessAppLoader" />
131-->[:expo-modules-core] AndroidManifest.xml:14:13-86
132
133        <service
133-->[com.google.android.gms:play-services-mlkit-barcode-scanning:16.2.0] AndroidManifest.xml:9:9-15:19
134            android:name="com.google.mlkit.common.internal.MlKitComponentDiscoveryService"
134-->[com.google.android.gms:play-services-mlkit-barcode-scanning:16.2.0] AndroidManifest.xml:10:13-91
135            android:directBootAware="true"
135-->[com.google.mlkit:common:17.2.0] AndroidManifest.xml:17:13-43
136            android:exported="false" >
136-->[com.google.android.gms:play-services-mlkit-barcode-scanning:16.2.0] AndroidManifest.xml:11:13-37
137            <meta-data
137-->[com.google.android.gms:play-services-mlkit-barcode-scanning:16.2.0] AndroidManifest.xml:12:13-14:85
138                android:name="com.google.firebase.components:com.google.mlkit.vision.barcode.internal.BarcodeRegistrar"
138-->[com.google.android.gms:play-services-mlkit-barcode-scanning:16.2.0] AndroidManifest.xml:13:17-120
139                android:value="com.google.firebase.components.ComponentRegistrar" />
139-->[com.google.android.gms:play-services-mlkit-barcode-scanning:16.2.0] AndroidManifest.xml:14:17-82
140            <meta-data
140-->[com.google.android.gms:play-services-mlkit-face-detection:16.2.0] AndroidManifest.xml:12:13-14:85
141                android:name="com.google.firebase.components:com.google.mlkit.vision.face.internal.FaceRegistrar"
141-->[com.google.android.gms:play-services-mlkit-face-detection:16.2.0] AndroidManifest.xml:13:17-114
142                android:value="com.google.firebase.components.ComponentRegistrar" />
142-->[com.google.android.gms:play-services-mlkit-face-detection:16.2.0] AndroidManifest.xml:14:17-82
143            <meta-data
143-->[com.google.android.gms:play-services-mlkit-text-recognition:16.3.0] AndroidManifest.xml:12:13-14:85
144                android:name="com.google.firebase.components:com.google.mlkit.vision.text.internal.TextRegistrar"
144-->[com.google.android.gms:play-services-mlkit-text-recognition:16.3.0] AndroidManifest.xml:13:17-114
145                android:value="com.google.firebase.components.ComponentRegistrar" />
145-->[com.google.android.gms:play-services-mlkit-text-recognition:16.3.0] AndroidManifest.xml:14:17-82
146            <meta-data
146-->[com.google.mlkit:vision-common:16.5.0] AndroidManifest.xml:12:13-14:85
147                android:name="com.google.firebase.components:com.google.mlkit.vision.common.internal.VisionCommonRegistrar"
147-->[com.google.mlkit:vision-common:16.5.0] AndroidManifest.xml:13:17-124
148                android:value="com.google.firebase.components.ComponentRegistrar" />
148-->[com.google.mlkit:vision-common:16.5.0] AndroidManifest.xml:14:17-82
149            <meta-data
149-->[com.google.mlkit:common:17.2.0] AndroidManifest.xml:20:13-22:85
150                android:name="com.google.firebase.components:com.google.mlkit.common.internal.CommonComponentRegistrar"
150-->[com.google.mlkit:common:17.2.0] AndroidManifest.xml:21:17-120
151                android:value="com.google.firebase.components.ComponentRegistrar" />
151-->[com.google.mlkit:common:17.2.0] AndroidManifest.xml:22:17-82
152        </service>
153
154        <provider
154-->[com.google.mlkit:common:17.2.0] AndroidManifest.xml:9:9-13:38
155            android:name="com.google.mlkit.common.internal.MlKitInitProvider"
155-->[com.google.mlkit:common:17.2.0] AndroidManifest.xml:10:13-78
156            android:authorities="com.biotrack.biotrack.mlkitinitprovider"
156-->[com.google.mlkit:common:17.2.0] AndroidManifest.xml:11:13-69
157            android:exported="false"
157-->[com.google.mlkit:common:17.2.0] AndroidManifest.xml:12:13-37
158            android:initOrder="99" />
158-->[com.google.mlkit:common:17.2.0] AndroidManifest.xml:13:13-35
159
160        <service
160-->[com.google.android.datatransport:transport-backend-cct:2.3.3] AndroidManifest.xml:29:9-35:19
161            android:name="com.google.android.datatransport.runtime.backends.TransportBackendDiscovery"
161-->[com.google.android.datatransport:transport-backend-cct:2.3.3] AndroidManifest.xml:30:13-103
162            android:exported="false" >
162-->[com.google.android.datatransport:transport-backend-cct:2.3.3] AndroidManifest.xml:31:13-37
163            <meta-data
163-->[com.google.android.datatransport:transport-backend-cct:2.3.3] AndroidManifest.xml:32:13-34:39
164                android:name="backend:com.google.android.datatransport.cct.CctBackendFactory"
164-->[com.google.android.datatransport:transport-backend-cct:2.3.3] AndroidManifest.xml:33:17-94
165                android:value="cct" />
165-->[com.google.android.datatransport:transport-backend-cct:2.3.3] AndroidManifest.xml:34:17-36
166        </service>
167        <service
167-->[com.google.android.datatransport:transport-runtime:2.2.6] AndroidManifest.xml:26:9-30:19
168            android:name="com.google.android.datatransport.runtime.scheduling.jobscheduling.JobInfoSchedulerService"
168-->[com.google.android.datatransport:transport-runtime:2.2.6] AndroidManifest.xml:27:13-117
169            android:exported="false"
169-->[com.google.android.datatransport:transport-runtime:2.2.6] AndroidManifest.xml:28:13-37
170            android:permission="android.permission.BIND_JOB_SERVICE" >
170-->[com.google.android.datatransport:transport-runtime:2.2.6] AndroidManifest.xml:29:13-69
171        </service>
172
173        <receiver
173-->[com.google.android.datatransport:transport-runtime:2.2.6] AndroidManifest.xml:32:9-34:40
174            android:name="com.google.android.datatransport.runtime.scheduling.jobscheduling.AlarmManagerSchedulerBroadcastReceiver"
174-->[com.google.android.datatransport:transport-runtime:2.2.6] AndroidManifest.xml:33:13-132
175            android:exported="false" />
175-->[com.google.android.datatransport:transport-runtime:2.2.6] AndroidManifest.xml:34:13-37
176
177        <activity
177-->[com.google.android.gms:play-services-base:17.6.0] AndroidManifest.xml:23:9-26:75
178            android:name="com.google.android.gms.common.api.GoogleApiActivity"
178-->[com.google.android.gms:play-services-base:17.6.0] AndroidManifest.xml:24:13-79
179            android:exported="false"
179-->[com.google.android.gms:play-services-base:17.6.0] AndroidManifest.xml:25:13-37
180            android:theme="@android:style/Theme.Translucent.NoTitleBar" />
180-->[com.google.android.gms:play-services-base:17.6.0] AndroidManifest.xml:26:13-72
181
182        <meta-data
182-->[com.google.android.gms:play-services-basement:17.6.0] AndroidManifest.xml:23:9-25:69
183            android:name="com.google.android.gms.version"
183-->[com.google.android.gms:play-services-basement:17.6.0] AndroidManifest.xml:24:13-58
184            android:value="@integer/google_play_services_version" />
184-->[com.google.android.gms:play-services-basement:17.6.0] AndroidManifest.xml:25:13-66
185
186        <service
186-->[androidx.room:room-runtime:2.3.0] AndroidManifest.xml:25:9-28:40
187            android:name="androidx.room.MultiInstanceInvalidationService"
187-->[androidx.room:room-runtime:2.3.0] AndroidManifest.xml:26:13-74
188            android:directBootAware="true"
188-->[androidx.room:room-runtime:2.3.0] AndroidManifest.xml:27:13-43
189            android:exported="false" />
189-->[androidx.room:room-runtime:2.3.0] AndroidManifest.xml:28:13-37
190    </application>
191
192</manifest>